<?xml version="1.0" encoding="UTF-8"?>
<testsuite name="com.ithub.ru.kt_java.OrderControllerTest" tests="3" skipped="0" failures="0" errors="0" timestamp="2024-11-29T14:11:56" hostname="RATMIRS-LAPTOP" time="0.354">
  <properties/>
  <testcase name="TestReturnAllOrders()" classname="com.ithub.ru.kt_java.OrderControllerTest" time="0.265"/>
  <testcase name="TestReturnOrderById()" classname="com.ithub.ru.kt_java.OrderControllerTest" time="0.066"/>
  <testcase name="TestDeleteOrderById()" classname="com.ithub.ru.kt_java.OrderControllerTest" time="0.016"/>
  <system-out><![CDATA[17:11:52.899 [Test worker] INFO org.springframework.test.context.support.AnnotationConfigContextLoaderUtils -- Could not detect default configuration classes for test class [com.ithub.ru.kt_java.OrderControllerTest]: OrderControllerTest does not declare any static, non-private, non-final, nested classes annotated with @Configuration.
17:11:53.048 [Test worker] INFO org.springframework.boot.test.context.SpringBootTestContextBootstrapper -- Found @SpringBootConfiguration com.ithub.ru.kt_java.KtJavaApplication for test class com.ithub.ru.kt_java.OrderControllerTest
  .   ____          _            __ _ _
 /\\ / ___'_ __ _ _(_)_ __  __ _ \ \ \ \
( ( )\___ | '_ | '_| | '_ \/ _` | \ \ \ \
 \\/  ___)| |_)| | | | | || (_| |  ) ) ) )
  '  |____| .__|_| |_|_| |_\__, | / / / /
 =========|_|==============|___/=/_/_/_/

 :: Spring Boot ::                (v3.3.0)

2024-11-29T17:11:53.457+03:00  INFO 1740 --- [KT_JAVA] [    Test worker] c.ithub.ru.kt_java.OrderControllerTest   : Starting OrderControllerTest using Java 17.0.13 with PID 1740 (started by firstlord in C:\codes\Java\4 Курс\KT_JAVA)
2024-11-29T17:11:53.458+03:00  INFO 1740 --- [KT_JAVA] [    Test worker] c.ithub.ru.kt_java.OrderControllerTest   : No active profile set, falling back to 1 default profile: "default"
2024-11-29T17:11:56.036+03:00  INFO 1740 --- [KT_JAVA] [    Test worker] o.s.b.t.m.w.SpringBootMockServletContext : Initializing Spring TestDispatcherServlet ''
2024-11-29T17:11:56.037+03:00  INFO 1740 --- [KT_JAVA] [    Test worker] o.s.t.web.servlet.TestDispatcherServlet  : Initializing Servlet ''
2024-11-29T17:11:56.042+03:00  INFO 1740 --- [KT_JAVA] [    Test worker] o.s.t.web.servlet.TestDispatcherServlet  : Completed initialization in 3 ms
2024-11-29T17:11:56.120+03:00  INFO 1740 --- [KT_JAVA] [    Test worker] c.ithub.ru.kt_java.OrderControllerTest   : Started OrderControllerTest in 2.988 seconds (process running for 4.185)
]]></system-out>
  <system-err><![CDATA[]]></system-err>
</testsuite>
